<?xml version="1.0" encoding="UTF-8"?>
<!-- Generated by org.testng.reporters.JUnitXMLReporter -->
<testsuite ignored="2" hostname="Abhijith" failures="0" tests="1" name="Test" time="8.429" errors="0" timestamp="2025-06-13T13:53:58 IST">
  <testcase classname="testng.TestScript" name="clickOnBooks" time="1.202"/>
  <testcase classname="testng.TestScript2" name="clickOnComputers" time="0.0">
    <ignored/>
  </testcase> <!-- clickOnComputers -->
  <testcase classname="testng.TestScript3" name="clickOnElectronics" time="0.0">
    <ignored/>
  </testcase> <!-- clickOnElectronics -->
</testsuite> <!-- Test -->
